<?xml version="1.0" encoding="UTF-8"?>
<!-- Generated by org.testng.reporters.JUnitXMLReporter -->
<testsuite ignored="9" hostname="IN-BQ6WPQ3" failures="1" tests="1" name="Default test" time="79.506" errors="0" timestamp="2024-11-22T14:34:56 IST">
  <testcase classname="glintReports.GlintReportsLogin" name="TC_001" time="6.718">
    <failure type="org.openqa.selenium.ElementClickInterceptedException" message="element click intercepted: Element &amp;lt;button _ngcontent-ng-c116353363=&amp;quot;&amp;quot; glintbutton=&amp;quot;&amp;quot; class=&amp;quot;btnCta btnWithVgIcon glintButton ng-star-inserted&amp;quot;&amp;gt;...&amp;lt;/button&amp;gt; is not clickable at point (1192, 69). Other element would receive the click: &amp;lt;header _ngcontent-ng-c3754191878=&amp;quot;&amp;quot; glintoneshell=&amp;quot;&amp;quot; glintscreensize=&amp;quot;&amp;quot; aria-label=&amp;quot;Viva Glint App Header&amp;quot;&amp;gt;...&amp;lt;/header&amp;gt;
  (Session info: chrome=131.0.6778.86)
Build info: version: &amp;apos;4.20.0&amp;apos;, revision: &amp;apos;866c76ca80&amp;apos;
System info: os.name: &amp;apos;Windows 10&amp;apos;, os.arch: &amp;apos;amd64&amp;apos;, os.version: &amp;apos;10.0&amp;apos;, java.version: &amp;apos;17.0.4.1&amp;apos;
Driver info: org.openqa.selenium.chrome.ChromeDriver
Command: [36102016d8b428e2d667e90c3b91d74c, clickElement {id=f.A4500D70B3138E566CF2E42D86C5ED35.d.F91D21F831D6D4CC8D2EE82BEAAA41CE.e.80}]
Capabilities {acceptInsecureCerts: false, browserName: chrome, browserVersion: 131.0.6778.86, chrome: {chromedriverVersion: 131.0.6778.85 (3d81e41b6f3a..., userDataDir: C:\Users\lmuthu02\AppData\L...}, fedcm:accounts: true, goog:chromeOptions: {debuggerAddress: localhost:54754}, networkConnectionEnabled: false, pageLoadStrategy: normal, platformName: windows, proxy: Proxy(), se:cdp: ws://localhost:54754/devtoo..., se:cdpVersion: 131.0.6778.86, setWindowRect: true, strictFileInteractability: false, timeouts: {implicit: 0, pageLoad: 300000, script: 30000}, unhandledPromptBehavior: dismiss and notify, webauthn:extension:credBlob: true, webauthn:extension:largeBlob: true, webauthn:extension:minPinLength: true, webauthn:extension:prf: true, webauthn:virtualAuthenticators: true}
Element: [[ChromeDriver: chrome on windows (36102016d8b428e2d667e90c3b91d74c)] -&amp;gt; xpath: //button[@class=&amp;quot;btnCta btnWithVgIcon glintButton ng-star-inserted&amp;quot;]]
Session ID: 36102016d8b428e2d667e90c3b91d74c">
      <![CDATA[org.openqa.selenium.ElementClickInterceptedException: element click intercepted: Element <button _ngcontent-ng-c116353363="" glintbutton="" class="btnCta btnWithVgIcon glintButton ng-star-inserted">...</button> is not clickable at point (1192, 69). Other element would receive the click: <header _ngcontent-ng-c3754191878="" glintoneshell="" glintscreensize="" aria-label="Viva Glint App Header">...</header>
  (Session info: chrome=131.0.6778.86)
Build info: version: '4.20.0', revision: '866c76ca80'
System info: os.name: 'Windows 10', os.arch: 'amd64', os.version: '10.0', java.version: '17.0.4.1'
Driver info: org.openqa.selenium.chrome.ChromeDriver
Command: [36102016d8b428e2d667e90c3b91d74c, clickElement {id=f.A4500D70B3138E566CF2E42D86C5ED35.d.F91D21F831D6D4CC8D2EE82BEAAA41CE.e.80}]
Capabilities {acceptInsecureCerts: false, browserName: chrome, browserVersion: 131.0.6778.86, chrome: {chromedriverVersion: 131.0.6778.85 (3d81e41b6f3a..., userDataDir: C:\Users\lmuthu02\AppData\L...}, fedcm:accounts: true, goog:chromeOptions: {debuggerAddress: localhost:54754}, networkConnectionEnabled: false, pageLoadStrategy: normal, platformName: windows, proxy: Proxy(), se:cdp: ws://localhost:54754/devtoo..., se:cdpVersion: 131.0.6778.86, setWindowRect: true, strictFileInteractability: false, timeouts: {implicit: 0, pageLoad: 300000, script: 30000}, unhandledPromptBehavior: dismiss and notify, webauthn:extension:credBlob: true, webauthn:extension:largeBlob: true, webauthn:extension:minPinLength: true, webauthn:extension:prf: true, webauthn:virtualAuthenticators: true}
Element: [[ChromeDriver: chrome on windows (36102016d8b428e2d667e90c3b91d74c)] -> xpath: //button[@class="btnCta btnWithVgIcon glintButton ng-star-inserted"]]
Session ID: 36102016d8b428e2d667e90c3b91d74c
at java.base/jdk.internal.reflect.NativeConstructorAccessorImpl.newInstance0(Native Method)
at java.base/jdk.internal.reflect.NativeConstructorAccessorImpl.newInstance(NativeConstructorAccessorImpl.java:77)
at java.base/jdk.internal.reflect.DelegatingConstructorAccessorImpl.newInstance(DelegatingConstructorAccessorImpl.java:45)
at java.base/java.lang.reflect.Constructor.newInstanceWithCaller(Constructor.java:499)
at java.base/java.lang.reflect.Constructor.newInstance(Constructor.java:480)
at org.openqa.selenium.remote.ErrorCodec.decode(ErrorCodec.java:167)
at org.openqa.selenium.remote.codec.w3c.W3CHttpResponseCodec.decode(W3CHttpResponseCodec.java:138)
at org.openqa.selenium.remote.codec.w3c.W3CHttpResponseCodec.decode(W3CHttpResponseCodec.java:50)
at org.openqa.selenium.remote.HttpCommandExecutor.execute(HttpCommandExecutor.java:190)
at org.openqa.selenium.remote.service.DriverCommandExecutor.invokeExecute(DriverCommandExecutor.java:216)
at org.openqa.selenium.remote.service.DriverCommandExecutor.execute(DriverCommandExecutor.java:174)
at org.openqa.selenium.remote.RemoteWebDriver.execute(RemoteWebDriver.java:518)
at org.openqa.selenium.remote.RemoteWebElement.execute(RemoteWebElement.java:223)
at org.openqa.selenium.remote.RemoteWebElement.click(RemoteWebElement.java:76)
at glintReports.GlintReportsLogin.TC_001(GlintReportsLogin.java:50)
at java.base/jdk.internal.reflect.NativeMethodAccessorImpl.invoke0(Native Method)
at java.base/jdk.internal.reflect.NativeMethodAccessorImpl.invoke(NativeMethodAccessorImpl.java:77)
at java.base/jdk.internal.reflect.DelegatingMethodAccessorImpl.invoke(DelegatingMethodAccessorImpl.java:43)
at java.base/java.lang.reflect.Method.invoke(Method.java:568)
at org.testng.internal.MethodInvocationHelper.invokeMethod(MethodInvocationHelper.java:133)
at org.testng.internal.TestInvoker.invokeMethod(TestInvoker.java:598)
at org.testng.internal.TestInvoker.invokeTestMethod(TestInvoker.java:173)
at org.testng.internal.MethodRunner.runInSequence(MethodRunner.java:46)
at org.testng.internal.TestInvoker$MethodInvocationAgent.invoke(TestInvoker.java:824)
at org.testng.internal.TestInvoker.invokeTestMethods(TestInvoker.java:146)
at org.testng.internal.TestMethodWorker.invokeTestMethods(TestMethodWorker.java:146)
at org.testng.internal.TestMethodWorker.run(TestMethodWorker.java:128)
at java.base/java.util.ArrayList.forEach(ArrayList.java:1511)
at org.testng.TestRunner.privateRun(TestRunner.java:794)
at org.testng.TestRunner.run(TestRunner.java:596)
at org.testng.SuiteRunner.runTest(SuiteRunner.java:377)
at org.testng.SuiteRunner.runSequentially(SuiteRunner.java:371)
at org.testng.SuiteRunner.privateRun(SuiteRunner.java:332)
at org.testng.SuiteRunner.run(SuiteRunner.java:276)
at org.testng.SuiteRunnerWorker.runSuite(SuiteRunnerWorker.java:53)
at org.testng.SuiteRunnerWorker.run(SuiteRunnerWorker.java:96)
at org.testng.TestNG.runSuitesSequentially(TestNG.java:1212)
at org.testng.TestNG.runSuitesLocally(TestNG.java:1134)
at org.testng.TestNG.runSuites(TestNG.java:1063)
at org.testng.TestNG.run(TestNG.java:1031)
at org.testng.remote.AbstractRemoteTestNG.run(AbstractRemoteTestNG.java:115)
at org.testng.remote.RemoteTestNG.initAndRun(RemoteTestNG.java:251)
at org.testng.remote.RemoteTestNG.main(RemoteTestNG.java:77)
]]>
    </failure>
  </testcase> <!-- TC_001 -->
  <testcase classname="glintReports.GlintReportsLogin" name="TC_007" time="0.0">
    <ignored/>
  </testcase> <!-- TC_007 -->
  <testcase classname="glintReports.GlintReportsLogin" name="TC_002" time="0.0">
    <ignored/>
  </testcase> <!-- TC_002 -->
  <testcase classname="glintReports.GlintReportsLogin" name="TC_004" time="0.0">
    <ignored/>
  </testcase> <!-- TC_004 -->
  <testcase classname="glintReports.GlintReportsLogin" name="TC_005" time="0.0">
    <ignored/>
  </testcase> <!-- TC_005 -->
  <testcase classname="glintReports.GlintReportsLogin" name="TC_006" time="0.0">
    <ignored/>
  </testcase> <!-- TC_006 -->
  <testcase classname="glintReports.GlintReportsLogin" name="TC_008" time="0.0">
    <ignored/>
  </testcase> <!-- TC_008 -->
  <testcase classname="glintReports.GlintReportsLogin" name="TC_009" time="0.0">
    <ignored/>
  </testcase> <!-- TC_009 -->
  <testcase classname="glintReports.GlintReportsLogin" name="TC_003" time="0.0">
    <ignored/>
  </testcase> <!-- TC_003 -->
  <testcase classname="glintReports.GlintReportsLogin" name="TC_00" time="0.0">
    <ignored/>
  </testcase> <!-- TC_00 -->
</testsuite> <!-- Default test -->
